0 info it worked if it ends with ok
1 verbose cli [ '/Users/veeramarni/.nvm/versions/node/v5.0.0/bin/node',
1 verbose cli   '/Users/veeramarni/.nvm/versions/node/v5.0.0/bin/npm',
1 verbose cli   'run',
1 verbose cli   'generate-graphql-documents' ]
2 info using npm@3.3.6
3 info using node@v5.0.0
4 verbose run-script [ 'pregenerate-graphql-documents',
4 verbose run-script   'generate-graphql-documents',
4 verbose run-script   'postgenerate-graphql-documents' ]
5 info lifecycle meteor-kit@~pregenerate-graphql-documents: meteor-kit@
6 silly lifecycle meteor-kit@~pregenerate-graphql-documents: no script for pregenerate-graphql-documents, continuing
7 info lifecycle meteor-kit@~generate-graphql-documents: meteor-kit@
8 verbose lifecycle meteor-kit@~generate-graphql-documents: unsafe-perm in lifecycle true
9 verbose lifecycle meteor-kit@~generate-graphql-documents: PATH: /Users/veeramarni/.nvm/versions/node/v5.0.0/lib/node_modules/npm/bin/node-gyp-bin:/Users/veeramarni/Documents/eclipse/workspace/phoneapps/development/projects/meteor-react-redux-webpack-kit/app/node_modules/.bin:/Users/veeramarni/.nvm/versions/node/v5.0.0/bin:/usr/local/bin:/opt/local/bin:/opt/local/sbin:/usr/local/bin:/usr/bin:/bin:/usr/sbin:/sbin:/usr/local/go/bin:/Users/veeramarni/Library/Android/sdk/platform-tools:/Users/veeramarni/Library/Android/sdk/tools:/usr/local/mysql/bin
10 verbose lifecycle meteor-kit@~generate-graphql-documents: CWD: /Users/veeramarni/Documents/eclipse/workspace/phoneapps/development/projects/meteor-react-redux-webpack-kit/app
11 silly lifecycle meteor-kit@~generate-graphql-documents: Args: [ '-c',
11 silly lifecycle   'cd ./src; graphql-document-collector **/*.graphql > documents.json' ]
12 silly lifecycle meteor-kit@~generate-graphql-documents: Returned: code: 1  signal: null
13 info lifecycle meteor-kit@~generate-graphql-documents: Failed to exec generate-graphql-documents script
14 verbose stack Error: meteor-kit@ generate-graphql-documents: `cd ./src; graphql-document-collector **/*.graphql > documents.json`
14 verbose stack Exit status 1
14 verbose stack     at EventEmitter.<anonymous> (/Users/veeramarni/.nvm/versions/node/v5.0.0/lib/node_modules/npm/lib/utils/lifecycle.js:233:16)
14 verbose stack     at emitTwo (events.js:87:13)
14 verbose stack     at EventEmitter.emit (events.js:172:7)
14 verbose stack     at ChildProcess.<anonymous> (/Users/veeramarni/.nvm/versions/node/v5.0.0/lib/node_modules/npm/lib/utils/spawn.js:24:14)
14 verbose stack     at emitTwo (events.js:87:13)
14 verbose stack     at ChildProcess.emit (events.js:172:7)
14 verbose stack     at maybeClose (internal/child_process.js:818:16)
14 verbose stack     at Process.ChildProcess._handle.onexit (internal/child_process.js:211:5)
15 verbose pkgid meteor-kit@
16 verbose cwd /Users/veeramarni/Documents/eclipse/workspace/phoneapps/development/projects/meteor-react-redux-webpack-kit/app
17 error Darwin 15.6.0
18 error argv "/Users/veeramarni/.nvm/versions/node/v5.0.0/bin/node" "/Users/veeramarni/.nvm/versions/node/v5.0.0/bin/npm" "run" "generate-graphql-documents"
19 error node v5.0.0
20 error npm  v3.3.6
21 error code ELIFECYCLE
22 error meteor-kit@ generate-graphql-documents: `cd ./src; graphql-document-collector **/*.graphql > documents.json`
22 error Exit status 1
23 error Failed at the meteor-kit@ generate-graphql-documents script 'cd ./src; graphql-document-collector **/*.graphql > documents.json'.
23 error This is most likely a problem with the meteor-kit package,
23 error not with npm itself.
23 error Tell the author that this fails on your system:
23 error     cd ./src; graphql-document-collector **/*.graphql > documents.json
23 error You can get their info via:
23 error     npm owner ls meteor-kit
23 error There is likely additional logging output above.
24 verbose exit [ 1, true ]
